
> next-prac@0.1.0 dev
> next dev

▲ Next.js 16.2.4 (Turbopack)
- Local:         http://localhost:3000
- Network:       http://192.168.1.66:3000
✓ Ready in 558ms

 GET / 200 in 407ms (next.js: 202ms, application-code: 204ms)
 GET / 200 in 93ms (next.js: 11ms, application-code: 82ms)
 GET /dashboard 200 in 1182ms (next.js: 1152ms, application-code: 30ms)
✓ Compiled in 110ms
 GET /dashboard 200 in 122ms (next.js: 6ms, application-code: 117ms)
✓ Compiled in 240ms
 GET /fields/new 200 in 434ms (next.js: 405ms, application-code: 29ms)
 GET / 200 in 41ms (next.js: 13ms, application-code: 29ms)
 GET / 200 in 99ms (next.js: 15ms, application-code: 84ms)
[browser] ⨯ unhandledRejection: TypeError: Failed to fetch
    at handleLogin (app/page.tsx:16:23)
  14 |     setError('');
  15 |
> 16 |     const res = await fetch('http://localhost:3001/api/login', {
     |                       ^
  17 |       method: 'POST',
  18 |       headers: { 'Content-Type': 'application/json' },
  19 |       body: JSON.stringify({ email, password })
[browser] ⨯ unhandledRejection: TypeError: Failed to fetch
    at handleLogin (app/page.tsx:16:23)
  14 |     setError('');
  15 |
> 16 |     const res = await fetch('http://localhost:3001/api/login', {
     |                       ^
  17 |       method: 'POST',
  18 |       headers: { 'Content-Type': 'application/json' },
  19 |       body: JSON.stringify({ email, password })
[browser] ⨯ unhandledRejection: TypeError: Failed to fetch
    at handleLogin (app/page.tsx:16:23)
  14 |     setError('');
  15 |
> 16 |     const res = await fetch('http://localhost:3001/api/login', {
     |                       ^
  17 |       method: 'POST',
  18 |       headers: { 'Content-Type': 'application/json' },
  19 |       body: JSON.stringify({ email, password })
[browser] ⨯ unhandledRejection: TypeError: Failed to fetch
    at handleLogin (app/page.tsx:16:23)
  14 |     setError('');
  15 |
> 16 |     const res = await fetch('http://localhost:3001/api/login', {
     |                       ^
  17 |       method: 'POST',
  18 |       headers: { 'Content-Type': 'application/json' },
  19 |       body: JSON.stringify({ email, password })
[browser] ⨯ unhandledRejection: TypeError: Failed to fetch
    at handleLogin (app/page.tsx:16:23)
  14 |     setError('');
  15 |
> 16 |     const res = await fetch('http://localhost:3001/api/login', {
     |                       ^
  17 |       method: 'POST',
  18 |       headers: { 'Content-Type': 'application/json' },
  19 |       body: JSON.stringify({ email, password })
[browser] ⨯ unhandledRejection: TypeError: Failed to fetch
    at handleLogin (app/page.tsx:16:23)
  14 |     setError('');
  15 |
> 16 |     const res = await fetch('http://localhost:3001/api/login', {
     |                       ^
  17 |       method: 'POST',
  18 |       headers: { 'Content-Type': 'application/json' },
  19 |       body: JSON.stringify({ email, password })
[browser] ⨯ unhandledRejection: TypeError: Failed to fetch
    at handleLogin (app/page.tsx:16:23)
  14 |     setError('');
  15 |
> 16 |     const res = await fetch('http://localhost:3001/api/login', {
     |                       ^
  17 |       method: 'POST',
  18 |       headers: { 'Content-Type': 'application/json' },
  19 |       body: JSON.stringify({ email, password })
[browser] ⨯ unhandledRejection: TypeError: Failed to fetch
    at handleLogin (app/page.tsx:16:23)
  14 |     setError('');
  15 |
> 16 |     const res = await fetch('http://localhost:3001/api/login', {
     |                       ^
  17 |       method: 'POST',
  18 |       headers: { 'Content-Type': 'application/json' },
  19 |       body: JSON.stringify({ email, password })
[browser] ⨯ unhandledRejection: TypeError: Failed to fetch
    at handleLogin (app/page.tsx:16:23)
  14 |     setError('');
  15 |
> 16 |     const res = await fetch('http://localhost:3001/api/login', {
     |                       ^
  17 |       method: 'POST',
  18 |       headers: { 'Content-Type': 'application/json' },
  19 |       body: JSON.stringify({ email, password })
[browser] ⨯ unhandledRejection: TypeError: Failed to fetch
    at handleLogin (app/page.tsx:16:23)
  14 |     setError('');
  15 |
> 16 |     const res = await fetch('http://localhost:3001/api/login', {
     |                       ^
  17 |       method: 'POST',
  18 |       headers: { 'Content-Type': 'application/json' },
  19 |       body: JSON.stringify({ email, password })
[browser] ⨯ unhandledRejection: TypeError: Failed to fetch
    at handleLogin (app/page.tsx:16:23)
  14 |     setError('');
  15 |
> 16 |     const res = await fetch('http://localhost:3001/api/login', {
     |                       ^
  17 |       method: 'POST',
  18 |       headers: { 'Content-Type': 'application/json' },
  19 |       body: JSON.stringify({ email, password })
[browser] ⨯ unhandledRejection: TypeError: Failed to fetch
    at handleLogin (app/page.tsx:16:23)
  14 |     setError('');
  15 |
> 16 |     const res = await fetch('http://localhost:3001/api/login', {
     |                       ^
  17 |       method: 'POST',
  18 |       headers: { 'Content-Type': 'application/json' },
  19 |       body: JSON.stringify({ email, password })
[browser] ⨯ unhandledRejection: TypeError: Failed to fetch
    at handleLogin (app/page.tsx:16:23)
  14 |     setError('');
  15 |
> 16 |     const res = await fetch('http://localhost:3001/api/login', {
     |                       ^
  17 |       method: 'POST',
  18 |       headers: { 'Content-Type': 'application/json' },
  19 |       body: JSON.stringify({ email, password })
[browser] ⨯ unhandledRejection: TypeError: Failed to fetch
    at handleLogin (app/page.tsx:16:23)
  14 |     setError('');
  15 |
> 16 |     const res = await fetch('http://localhost:3001/api/login', {
     |                       ^
  17 |       method: 'POST',
  18 |       headers: { 'Content-Type': 'application/json' },
  19 |       body: JSON.stringify({ email, password })
[browser] ⨯ unhandledRejection: TypeError: Failed to fetch
    at handleLogin (app/page.tsx:16:23)
  14 |     setError('');
  15 |
> 16 |     const res = await fetch('http://localhost:3001/api/login', {
     |                       ^
  17 |       method: 'POST',
  18 |       headers: { 'Content-Type': 'application/json' },
  19 |       body: JSON.stringify({ email, password })
[?25h
